[debug] [2021-06-28T07:12:26.435Z] ----------------------------------------------------------------------
[debug] [2021-06-28T07:12:26.437Z] Command:       C:\Program Files\nodejs\node.exe C:\Users\Cool\AppData\Roaming\npm\node_modules\firebase-tools\lib\bin\firebase.js init
[debug] [2021-06-28T07:12:26.438Z] CLI Version:   9.14.0
[debug] [2021-06-28T07:12:26.438Z] Platform:      win32
[debug] [2021-06-28T07:12:26.438Z] Node Version:  v15.5.1
[debug] [2021-06-28T07:12:26.439Z] Time:          Mon Jun 28 2021 12:42:26 GMT+0530 (India Standard Time)
[debug] [2021-06-28T07:12:26.439Z] ----------------------------------------------------------------------
[debug] 
[debug] [2021-06-28T07:12:26.446Z] > command requires scopes: ["email","openid","https://www.googleapis.com/auth/cloudplatformprojects.readonly","https://www.googleapis.com/auth/firebase","https://www.googleapis.com/auth/cloud-platform"]
[debug] [2021-06-28T07:12:26.447Z] > authorizing via signed-in user (nimbustechnologies0@gmail.com)
[info] 
     ######## #### ########  ######## ########     ###     ######  ########
     ##        ##  ##     ## ##       ##     ##  ##   ##  ##       ##
     ######    ##  ########  ######   ########  #########  ######  ######
     ##        ##  ##    ##  ##       ##     ## ##     ##       ## ##
     ##       #### ##     ## ######## ########  ##     ##  ######  ########

You're about to initialize a Firebase project in this directory:

  C:\Users\Cool\Desktop\All\Nimbus\nimbusweb\nimbustechnologieswebsite

[info] 
=== Project Setup
[info] 
[info] First, let's associate this project directory with a Firebase project.
[info] You can create multiple project aliases by running firebase use --add, 
[info] but for now we'll just set up a default project.
[info] 
[debug] [2021-06-28T07:13:31.576Z] > refreshing access token with scopes: []
[debug] [2021-06-28T07:13:31.578Z] >>> HTTP REQUEST POST https://www.googleapis.com/oauth2/v3/token  
 <request body omitted>
[debug] [2021-06-28T07:13:31.803Z] <<< HTTP RESPONSE 200 {"cache-control":"no-cache, no-store, max-age=0, must-revalidate","pragma":"no-cache","date":"Mon, 28 Jun 2021 07:13:32 GMT","expires":"Mon, 01 Jan 1990 00:00:00 GMT","content-type":"application/json; charset=utf-8","vary":"X-Origin, Referer, Origin,Accept-Encoding","server":"scaffolding on HTTPServer2","x-xss-protection":"0","x-frame-options":"SAMEORIGIN","x-content-type-options":"nosniff","alt-svc":"h3=\":443\"; ma=2592000,h3-29=\":443\"; ma=2592000,h3-T051=\":443\"; ma=2592000,h3-Q050=\":443\"; ma=2592000,h3-Q046=\":443\"; ma=2592000,h3-Q043=\":443\"; ma=2592000,quic=\":443\"; ma=2592000; v=\"46,43\"","accept-ranges":"none","transfer-encoding":"chunked"}
[debug] [2021-06-28T07:13:31.911Z] >>> [apiv2][query] GET https://firebase.googleapis.com/v1beta1/projects pageSize=100
[debug] [2021-06-28T07:13:32.522Z] <<< [apiv2][status] GET https://firebase.googleapis.com/v1beta1/projects 200
[debug] [2021-06-28T07:13:32.523Z] <<< [apiv2][body] GET https://firebase.googleapis.com/v1beta1/projects [omitted]
[info] i  Using project nimbus-technologies-website (Nimbus Technologies Website) 
[info] 
=== Hosting:github Setup
[info] 
[info] i  Detected a .git folder at C:\Users\Cool\Desktop\All\Nimbus\nimbusweb\nimbustechnologieswebsite 
[info] i  Authorizing with GitHub to upload your service account to a GitHub repository's secrets store. 
[info] 
[info] Visit this URL on this device to log in:
[info] https://github.com/login/oauth/authorize?client_id=89cf50f02ac6aaed3484&state=583155951&redirect_uri=http%3A%2F%2Flocalhost%3A9005&scope=read%3Auser%20repo%20public_repo
[info] 
[info] Waiting for authentication...
[debug] [2021-06-28T07:13:36.356Z] >>> HTTP REQUEST POST https://github.com/login/oauth/access_token  
 {"client_id":"89cf50f02ac6aaed3484","client_secret":"3330d14abc895d9a74d5f17cd7a00711fa2c5bf0","code":"320ebfed1a8d4ced969a","redirect_uri":"http://localhost:9005","state":"583155951"}
[debug] [2021-06-28T07:13:36.666Z] <<< HTTP RESPONSE 200 {"server":"GitHub.com","date":"Mon, 28 Jun 2021 07:13:37 GMT","content-type":"application/json; charset=utf-8","transfer-encoding":"chunked","vary":"X-PJAX, Accept-Encoding, Accept, X-Requested-With","permissions-policy":"interest-cohort=()","etag":"W/\"644d0b45a5f9c5fc0436a9e4e908d6ec\"","cache-control":"max-age=0, private, must-revalidate","strict-transport-security":"max-age=31536000; includeSubdomains; preload","x-frame-options":"deny","x-content-type-options":"nosniff","x-xss-protection":"0","referrer-policy":"origin-when-cross-origin, strict-origin-when-cross-origin","expect-ct":"max-age=2592000, report-uri=\"https://api.github.com/_private/browser/errors\"","content-security-policy":"default-src 'none'; base-uri 'self'; block-all-mixed-content; connect-src 'self' uploads.github.com www.githubstatus.com collector.githubapp.com api.github.com github-cloud.s3.amazonaws.com github-production-repository-file-5c1aeb.s3.amazonaws.com github-production-upload-manifest-file-7fdce7.s3.amazonaws.com github-production-user-asset-6210df.s3.amazonaws.com cdn.optimizely.com logx.optimizely.com/v1/events translator.github.com wss://alive.github.com; font-src github.githubassets.com; form-action 'self' github.com gist.github.com; frame-ancestors 'none'; frame-src render.githubusercontent.com render-temp.githubusercontent.com viewscreen.githubusercontent.com; img-src 'self' data: github.githubassets.com identicons.github.com collector.githubapp.com github-cloud.s3.amazonaws.com secured-user-images.githubusercontent.com/ *.githubusercontent.com; manifest-src 'self'; media-src 'none'; script-src github.githubassets.com; style-src 'unsafe-inline' github.githubassets.com; worker-src github.com/socket-worker-3f088aa2.js gist.github.com/socket-worker-3f088aa2.js","x-github-request-id":"F8FA:70BE:36A58:13AD4C:60D976A1"}
[debug] [2021-06-28T07:13:36.692Z] >>> [apiv2][query] GET https://api.github.com/user [none]
[debug] [2021-06-28T07:13:37.030Z] <<< [apiv2][status] GET https://api.github.com/user 200
[debug] [2021-06-28T07:13:37.031Z] <<< [apiv2][body] GET https://api.github.com/user {"login":"ishubhamdumbre","id":41670275,"node_id":"MDQ6VXNlcjQxNjcwMjc1","avatar_url":"https://avatars.githubusercontent.com/u/41670275?v=4","gravatar_id":"","url":"https://api.github.com/users/ishubhamdumbre","html_url":"https://github.com/ishubhamdumbre","followers_url":"https://api.github.com/users/ishubhamdumbre/followers","following_url":"https://api.github.com/users/ishubhamdumbre/following{/other_user}","gists_url":"https://api.github.com/users/ishubhamdumbre/gists{/gist_id}","starred_url":"https://api.github.com/users/ishubhamdumbre/starred{/owner}{/repo}","subscriptions_url":"https://api.github.com/users/ishubhamdumbre/subscriptions","organizations_url":"https://api.github.com/users/ishubhamdumbre/orgs","repos_url":"https://api.github.com/users/ishubhamdumbre/repos","events_url":"https://api.github.com/users/ishubhamdumbre/events{/privacy}","received_events_url":"https://api.github.com/users/ishubhamdumbre/received_events","type":"User","site_admin":false,"name":"Shubham Dumbre","company":"Delta The Innovators","blog":"www.deltatheinnovators.com","location":"Mumbai","email":"ishubhamdumbre@gmail.com","hireable":null,"bio":"https://ishubhamdumbre.home.blog\r\n\r\n\r\n","twitter_username":null,"public_repos":4,"public_gists":0,"followers":0,"following":1,"created_at":"2018-07-25T07:34:16Z","updated_at":"2021-06-28T06:11:43Z","private_gists":0,"total_private_repos":0,"owned_private_repos":0,"disk_usage":17506,"collaborators":0,"two_factor_authentication":false,"plan":{"name":"free","space":976562499,"collaborators":0,"private_repos":10000}}
[info] 
[info] +  Success! Logged into GitHub as ishubhamdumbre 
[info] 
[debug] [2021-06-28T07:15:44.299Z] >>> [apiv2][query] GET https://api.github.com/repos/ishubhamdumbre/nimbusweb/actions/secrets/public-key type=owner
[debug] [2021-06-28T07:15:44.578Z] <<< [apiv2][status] GET https://api.github.com/repos/ishubhamdumbre/nimbusweb/actions/secrets/public-key 404
[debug] [2021-06-28T07:15:44.578Z] <<< [apiv2][body] GET https://api.github.com/repos/ishubhamdumbre/nimbusweb/actions/secrets/public-key {"message":"Not Found","documentation_url":"https://docs.github.com/rest/reference/actions#get-a-repository-public-key"}
[debug] [2021-06-28T07:17:56.203Z] >>> [apiv2][query] GET https://api.github.com/repos//actions/secrets/public-key type=owner
[debug] [2021-06-28T07:17:56.470Z] <<< [apiv2][status] GET https://api.github.com/repos//actions/secrets/public-key 404
[debug] [2021-06-28T07:17:56.471Z] <<< [apiv2][body] GET https://api.github.com/repos//actions/secrets/public-key {"message":"Not Found","documentation_url":"https://docs.github.com/rest"}
[debug] [2021-06-28T07:17:58.250Z] >>> [apiv2][query] GET https://api.github.com/repos/n/actions/secrets/public-key type=owner
[debug] [2021-06-28T07:17:58.515Z] <<< [apiv2][status] GET https://api.github.com/repos/n/actions/secrets/public-key 404
[debug] [2021-06-28T07:17:58.515Z] <<< [apiv2][body] GET https://api.github.com/repos/n/actions/secrets/public-key {"message":"Not Found","documentation_url":"https://docs.github.com/rest"}
[debug] [2021-06-28T07:18:06.666Z] >>> [apiv2][query] GET https://api.github.com/repos/logout/actions/secrets/public-key type=owner
[debug] [2021-06-28T07:18:06.937Z] <<< [apiv2][status] GET https://api.github.com/repos/logout/actions/secrets/public-key 404
[debug] [2021-06-28T07:18:06.938Z] <<< [apiv2][body] GET https://api.github.com/repos/logout/actions/secrets/public-key {"message":"Not Found","documentation_url":"https://docs.github.com/rest"}
[debug] [2021-06-28T07:19:45.937Z] ----------------------------------------------------------------------
[debug] [2021-06-28T07:19:45.940Z] Command:       C:\Program Files\nodejs\node.exe C:\Users\Cool\AppData\Roaming\npm\node_modules\firebase-tools\lib\bin\firebase.js init
[debug] [2021-06-28T07:19:45.940Z] CLI Version:   9.14.0
[debug] [2021-06-28T07:19:45.940Z] Platform:      win32
[debug] [2021-06-28T07:19:45.940Z] Node Version:  v15.5.1
[debug] [2021-06-28T07:19:45.941Z] Time:          Mon Jun 28 2021 12:49:45 GMT+0530 (India Standard Time)
[debug] [2021-06-28T07:19:45.941Z] ----------------------------------------------------------------------
[debug] 
[debug] [2021-06-28T07:19:45.949Z] > command requires scopes: ["email","openid","https://www.googleapis.com/auth/cloudplatformprojects.readonly","https://www.googleapis.com/auth/firebase","https://www.googleapis.com/auth/cloud-platform"]
[debug] [2021-06-28T07:19:45.949Z] > authorizing via signed-in user (nimbustechnologies0@gmail.com)
[info] 
     ######## #### ########  ######## ########     ###     ######  ########
     ##        ##  ##     ## ##       ##     ##  ##   ##  ##       ##
     ######    ##  ########  ######   ########  #########  ######  ######
     ##        ##  ##    ##  ##       ##     ## ##     ##       ## ##
     ##       #### ##     ## ######## ########  ##     ##  ######  ########

You're about to initialize a Firebase project in this directory:

  C:\Users\Cool\Desktop\All\Nimbus\nimbusweb\nimbustechnologieswebsite

[info] 
=== Project Setup
[info] 
[info] First, let's associate this project directory with a Firebase project.
[info] You can create multiple project aliases by running firebase use --add, 
[info] but for now we'll just set up a default project.
[info] 
[info] i  If you want to create a project in a Google Cloud organization or folder, please use "firebase projects:create" instead, and return to this command when you've created the project. 
[debug] [2021-06-28T07:20:37.107Z] > refreshing access token with scopes: ["email","https://www.googleapis.com/auth/cloud-platform","https://www.googleapis.com/auth/cloudplatformprojects.readonly","https://www.googleapis.com/auth/firebase","openid"]
[debug] [2021-06-28T07:20:37.108Z] >>> HTTP REQUEST POST https://www.googleapis.com/oauth2/v3/token  
 <request body omitted>
[debug] [2021-06-28T07:20:37.643Z] <<< HTTP RESPONSE 200 {"expires":"Mon, 01 Jan 1990 00:00:00 GMT","pragma":"no-cache","cache-control":"no-cache, no-store, max-age=0, must-revalidate","date":"Mon, 28 Jun 2021 07:20:38 GMT","content-type":"application/json; charset=utf-8","vary":"X-Origin, Referer, Origin,Accept-Encoding","server":"scaffolding on HTTPServer2","x-xss-protection":"0","x-frame-options":"SAMEORIGIN","x-content-type-options":"nosniff","alt-svc":"h3=\":443\"; ma=2592000,h3-29=\":443\"; ma=2592000,h3-T051=\":443\"; ma=2592000,h3-Q050=\":443\"; ma=2592000,h3-Q046=\":443\"; ma=2592000,h3-Q043=\":443\"; ma=2592000,quic=\":443\"; ma=2592000; v=\"46,43\"","accept-ranges":"none","transfer-encoding":"chunked"}
[debug] [2021-06-28T07:20:37.725Z] >>> HTTP REQUEST POST https://cloudresourcemanager.googleapis.com/v1/projects  
 {"projectId":"nimbusweb","name":"nimbusweb"}
[debug] [2021-06-28T07:20:39.647Z] <<< HTTP RESPONSE 200 {"content-type":"application/json; charset=UTF-8","vary":"X-Origin, Referer, Origin,Accept-Encoding","date":"Mon, 28 Jun 2021 07:20:40 GMT","server":"ESF","cache-control":"private","x-xss-protection":"0","x-frame-options":"SAMEORIGIN","x-content-type-options":"nosniff","server-timing":"gfet4t7; dur=1691","alt-svc":"h3=\":443\"; ma=2592000,h3-29=\":443\"; ma=2592000,h3-T051=\":443\"; ma=2592000,h3-Q050=\":443\"; ma=2592000,h3-Q046=\":443\"; ma=2592000,h3-Q043=\":443\"; ma=2592000,quic=\":443\"; ma=2592000; v=\"46,43\"","accept-ranges":"none","transfer-encoding":"chunked"}
[debug] [2021-06-28T07:20:39.654Z] > refreshing access token with scopes: []
[debug] [2021-06-28T07:20:39.655Z] >>> HTTP REQUEST POST https://www.googleapis.com/oauth2/v3/token  
 <request body omitted>
[debug] [2021-06-28T07:20:39.892Z] <<< HTTP RESPONSE 200 {"cache-control":"no-cache, no-store, max-age=0, must-revalidate","pragma":"no-cache","expires":"Mon, 01 Jan 1990 00:00:00 GMT","date":"Mon, 28 Jun 2021 07:20:40 GMT","content-type":"application/json; charset=utf-8","vary":"X-Origin, Referer, Origin,Accept-Encoding","server":"scaffolding on HTTPServer2","x-xss-protection":"0","x-frame-options":"SAMEORIGIN","x-content-type-options":"nosniff","alt-svc":"h3=\":443\"; ma=2592000,h3-29=\":443\"; ma=2592000,h3-T051=\":443\"; ma=2592000,h3-Q050=\":443\"; ma=2592000,h3-Q046=\":443\"; ma=2592000,h3-Q043=\":443\"; ma=2592000,quic=\":443\"; ma=2592000; v=\"46,43\"","accept-ranges":"none","transfer-encoding":"chunked"}
[debug] [2021-06-28T07:20:40.018Z] >>> [apiv2][query] GET https://cloudresourcemanager.googleapis.com/v1/operations/cp.5756160855956930491 [none]
[debug] [2021-06-28T07:20:41.659Z] <<< [apiv2][status] GET https://cloudresourcemanager.googleapis.com/v1/operations/cp.5756160855956930491 200
[debug] [2021-06-28T07:20:41.660Z] <<< [apiv2][body] GET https://cloudresourcemanager.googleapis.com/v1/operations/cp.5756160855956930491 {"name":"operations/cp.5756160855956930491","metadata":{"@type":"type.googleapis.com/google.cloudresourcemanager.v1.ProjectCreationStatus","gettable":true}}
[debug] [2021-06-28T07:20:42.162Z] [Project Creation Poller] Retrying task index 0
[debug] [2021-06-28T07:20:42.163Z] >>> [apiv2][query] GET https://cloudresourcemanager.googleapis.com/v1/operations/cp.5756160855956930491 [none]
[debug] [2021-06-28T07:20:43.850Z] <<< [apiv2][status] GET https://cloudresourcemanager.googleapis.com/v1/operations/cp.5756160855956930491 200
[debug] [2021-06-28T07:20:43.851Z] <<< [apiv2][body] GET https://cloudresourcemanager.googleapis.com/v1/operations/cp.5756160855956930491 {"name":"operations/cp.5756160855956930491","metadata":{"@type":"type.googleapis.com/google.cloudresourcemanager.v1.ProjectCreationStatus","gettable":true,"ready":true},"done":true,"response":{"@type":"type.googleapis.com/google.cloudresourcemanager.v1.Project","projectNumber":"1071283443007","projectId":"nimbusweb","lifecycleState":"ACTIVE","name":"nimbusweb","createTime":"2021-06-28T07:20:40.315Z"}}
[debug] [2021-06-28T07:20:43.856Z] > refreshing access token with scopes: ["email","https://www.googleapis.com/auth/cloud-platform","https://www.googleapis.com/auth/cloudplatformprojects.readonly","https://www.googleapis.com/auth/firebase","openid"]
[debug] [2021-06-28T07:20:43.856Z] >>> HTTP REQUEST POST https://www.googleapis.com/oauth2/v3/token  
 <request body omitted>
[debug] [2021-06-28T07:20:44.085Z] <<< HTTP RESPONSE 200 {"cache-control":"no-cache, no-store, max-age=0, must-revalidate","date":"Mon, 28 Jun 2021 07:20:45 GMT","pragma":"no-cache","expires":"Mon, 01 Jan 1990 00:00:00 GMT","content-type":"application/json; charset=utf-8","vary":"X-Origin, Referer, Origin,Accept-Encoding","server":"scaffolding on HTTPServer2","x-xss-protection":"0","x-frame-options":"SAMEORIGIN","x-content-type-options":"nosniff","alt-svc":"h3=\":443\"; ma=2592000,h3-29=\":443\"; ma=2592000,h3-T051=\":443\"; ma=2592000,h3-Q050=\":443\"; ma=2592000,h3-Q046=\":443\"; ma=2592000,h3-Q043=\":443\"; ma=2592000,quic=\":443\"; ma=2592000; v=\"46,43\"","accept-ranges":"none","transfer-encoding":"chunked"}
[debug] [2021-06-28T07:20:44.197Z] >>> HTTP REQUEST POST https://firebase.googleapis.com/v1beta1/projects/nimbusweb:addFirebase  
 
[debug] [2021-06-28T07:20:47.725Z] <<< HTTP RESPONSE 200 {"content-type":"application/json; charset=UTF-8","vary":"X-Origin, Referer, Origin,Accept-Encoding","date":"Mon, 28 Jun 2021 07:20:48 GMT","server":"ESF","cache-control":"private","x-xss-protection":"0","x-frame-options":"SAMEORIGIN","x-content-type-options":"nosniff","alt-svc":"h3=\":443\"; ma=2592000,h3-29=\":443\"; ma=2592000,h3-T051=\":443\"; ma=2592000,h3-Q050=\":443\"; ma=2592000,h3-Q046=\":443\"; ma=2592000,h3-Q043=\":443\"; ma=2592000,quic=\":443\"; ma=2592000; v=\"46,43\"","accept-ranges":"none","transfer-encoding":"chunked"}
[debug] [2021-06-28T07:20:47.729Z] > refreshing access token with scopes: []
[debug] [2021-06-28T07:20:47.730Z] >>> HTTP REQUEST POST https://www.googleapis.com/oauth2/v3/token  
 <request body omitted>
[debug] [2021-06-28T07:20:47.943Z] <<< HTTP RESPONSE 200 {"pragma":"no-cache","cache-control":"no-cache, no-store, max-age=0, must-revalidate","expires":"Mon, 01 Jan 1990 00:00:00 GMT","date":"Mon, 28 Jun 2021 07:20:49 GMT","content-type":"application/json; charset=utf-8","vary":"X-Origin, Referer, Origin,Accept-Encoding","server":"scaffolding on HTTPServer2","x-xss-protection":"0","x-frame-options":"SAMEORIGIN","x-content-type-options":"nosniff","alt-svc":"h3=\":443\"; ma=2592000,h3-29=\":443\"; ma=2592000,h3-T051=\":443\"; ma=2592000,h3-Q050=\":443\"; ma=2592000,h3-Q046=\":443\"; ma=2592000,h3-Q043=\":443\"; ma=2592000,quic=\":443\"; ma=2592000; v=\"46,43\"","accept-ranges":"none","transfer-encoding":"chunked"}
[debug] [2021-06-28T07:20:48.052Z] >>> [apiv2][query] GET https://firebase.googleapis.com/v1beta1/operations/workflows/MjdmZTAzNmMtNzNiZS00ZGRmLTk2YzQtZTc5NzJmNDdhOTU1 [none]
[debug] [2021-06-28T07:20:49.172Z] <<< [apiv2][status] GET https://firebase.googleapis.com/v1beta1/operations/workflows/MjdmZTAzNmMtNzNiZS00ZGRmLTk2YzQtZTc5NzJmNDdhOTU1 200
[debug] [2021-06-28T07:20:49.172Z] <<< [apiv2][body] GET https://firebase.googleapis.com/v1beta1/operations/workflows/MjdmZTAzNmMtNzNiZS00ZGRmLTk2YzQtZTc5NzJmNDdhOTU1 {"name":"operations/workflows/MjdmZTAzNmMtNzNiZS00ZGRmLTk2YzQtZTc5NzJmNDdhOTU1"}
[debug] [2021-06-28T07:20:49.685Z] [Add Firebase Poller] Retrying task index 0
[debug] [2021-06-28T07:20:49.686Z] >>> [apiv2][query] GET https://firebase.googleapis.com/v1beta1/operations/workflows/MjdmZTAzNmMtNzNiZS00ZGRmLTk2YzQtZTc5NzJmNDdhOTU1 [none]
[debug] [2021-06-28T07:20:50.878Z] <<< [apiv2][status] GET https://firebase.googleapis.com/v1beta1/operations/workflows/MjdmZTAzNmMtNzNiZS00ZGRmLTk2YzQtZTc5NzJmNDdhOTU1 200
[debug] [2021-06-28T07:20:50.879Z] <<< [apiv2][body] GET https://firebase.googleapis.com/v1beta1/operations/workflows/MjdmZTAzNmMtNzNiZS00ZGRmLTk2YzQtZTc5NzJmNDdhOTU1 {"name":"operations/workflows/MjdmZTAzNmMtNzNiZS00ZGRmLTk2YzQtZTc5NzJmNDdhOTU1"}
[debug] [2021-06-28T07:20:51.886Z] [Add Firebase Poller] Retrying task index 0
[debug] [2021-06-28T07:20:51.887Z] >>> [apiv2][query] GET https://firebase.googleapis.com/v1beta1/operations/workflows/MjdmZTAzNmMtNzNiZS00ZGRmLTk2YzQtZTc5NzJmNDdhOTU1 [none]
[debug] [2021-06-28T07:20:52.849Z] <<< [apiv2][status] GET https://firebase.googleapis.com/v1beta1/operations/workflows/MjdmZTAzNmMtNzNiZS00ZGRmLTk2YzQtZTc5NzJmNDdhOTU1 200
[debug] [2021-06-28T07:20:52.850Z] <<< [apiv2][body] GET https://firebase.googleapis.com/v1beta1/operations/workflows/MjdmZTAzNmMtNzNiZS00ZGRmLTk2YzQtZTc5NzJmNDdhOTU1 {"name":"operations/workflows/MjdmZTAzNmMtNzNiZS00ZGRmLTk2YzQtZTc5NzJmNDdhOTU1"}
[debug] [2021-06-28T07:20:54.853Z] [Add Firebase Poller] Retrying task index 0
[debug] [2021-06-28T07:20:54.854Z] >>> [apiv2][query] GET https://firebase.googleapis.com/v1beta1/operations/workflows/MjdmZTAzNmMtNzNiZS00ZGRmLTk2YzQtZTc5NzJmNDdhOTU1 [none]
[debug] [2021-06-28T07:20:55.569Z] <<< [apiv2][status] GET https://firebase.googleapis.com/v1beta1/operations/workflows/MjdmZTAzNmMtNzNiZS00ZGRmLTk2YzQtZTc5NzJmNDdhOTU1 200
[debug] [2021-06-28T07:20:55.569Z] <<< [apiv2][body] GET https://firebase.googleapis.com/v1beta1/operations/workflows/MjdmZTAzNmMtNzNiZS00ZGRmLTk2YzQtZTc5NzJmNDdhOTU1 {"name":"operations/workflows/MjdmZTAzNmMtNzNiZS00ZGRmLTk2YzQtZTc5NzJmNDdhOTU1","done":true,"response":{"@type":"type.googleapis.com/google.firebase.service.v1beta1.FirebaseProject","projectId":"nimbusweb","projectNumber":"1071283443007","displayName":"nimbusweb","name":"projects/nimbusweb","resources":{"hostingSite":"nimbusweb"}}}
[info] 
[info] === Your Firebase project is ready! ===
[info] 
[info] Project information:
[info]    - Project ID: nimbusweb
[info]    - Project Name: nimbusweb
[info] 
[info] Firebase console is available at
[info] https://console.firebase.google.com/project/nimbusweb/overview
[info] i  Using project nimbusweb (nimbusweb) 
[info] 
=== Hosting Setup
[info] 
[info] Your public directory is the folder (relative to your project directory) that
[info] will contain Hosting assets to be uploaded with firebase deploy. If you
[info] have a build process for your assets, use your build's output directory.
[info] 
[debug] [2021-06-28T07:22:53.797Z] >>> [apiv2][query] GET https://www.gstatic.com/firebasejs/releases.json [none]
[debug] [2021-06-28T07:22:54.018Z] <<< [apiv2][status] GET https://www.gstatic.com/firebasejs/releases.json 200
[debug] [2021-06-28T07:22:54.018Z] <<< [apiv2][body] GET https://www.gstatic.com/firebasejs/releases.json {"current":{"version":"8.6.8","browserURL":"https://www.gstatic.com/firebasejs/8.6.8/firebase.js","packageURL":"https://www.gstatic.com/firebasejs/8.6.8/firebase.tgz"},"live":{"version":"8.6","browserURL":"https://www.gstatic.com/firebasejs/live/8.6/firebase.js","packageURL":"https://www.gstatic.com/firebasejs/live/8.6/firebase.tgz"},"components":{"analytics":"https://www.gstatic.com/firebasejs/8.6.8/firebase-analytics.js","app":"https://www.gstatic.com/firebasejs/8.6.8/firebase-app.js","app-check":"https://www.gstatic.com/firebasejs/8.6.8/firebase-app-check.js","auth":"https://www.gstatic.com/firebasejs/8.6.8/firebase-auth.js","database":"https://www.gstatic.com/firebasejs/8.6.8/firebase-database.js","firestore":"https://www.gstatic.com/firebasejs/8.6.8/firebase-firestore.js","functions":"https://www.gstatic.com/firebasejs/8.6.8/firebase-functions.js","installations":"https://www.gstatic.com/firebasejs/8.6.8/firebase-installations.js","messaging":"https://www.gstatic.com/firebasejs/8.6.8/firebase-messaging.js","storage":"https://www.gstatic.com/firebasejs/8.6.8/firebase-storage.js","performance":"https://www.gstatic.com/firebasejs/8.6.8/firebase-performance.js","remote-config":"https://www.gstatic.com/firebasejs/8.6.8/firebase-remote-config.js","firestore.memory":"https://www.gstatic.com/firebasejs/8.6.8/firebase-firestore.memory.js"}}
[info] +  Wrote dist/index.html 
[info] 
[info] i  Detected a .git folder at C:\Users\Cool\Desktop\All\Nimbus\nimbusweb\nimbustechnologieswebsite 
[info] i  Authorizing with GitHub to upload your service account to a GitHub repository's secrets store. 
[info] 
[info] Visit this URL on this device to log in:
[info] https://github.com/login/oauth/authorize?client_id=89cf50f02ac6aaed3484&state=403475920&redirect_uri=http%3A%2F%2Flocalhost%3A9005&scope=read%3Auser%20repo%20public_repo
[info] 
[info] Waiting for authentication...
[debug] [2021-06-28T07:22:54.951Z] >>> HTTP REQUEST POST https://github.com/login/oauth/access_token  
 {"client_id":"89cf50f02ac6aaed3484","client_secret":"3330d14abc895d9a74d5f17cd7a00711fa2c5bf0","code":"e70ab7e175808a85c64d","redirect_uri":"http://localhost:9005","state":"403475920"}
[debug] [2021-06-28T07:22:55.251Z] <<< HTTP RESPONSE 200 {"server":"GitHub.com","date":"Mon, 28 Jun 2021 07:22:56 GMT","content-type":"application/json; charset=utf-8","transfer-encoding":"chunked","vary":"X-PJAX, Accept-Encoding, Accept, X-Requested-With","permissions-policy":"interest-cohort=()","etag":"W/\"79a460a73bdaffb00a05fbbda9990bd0\"","cache-control":"max-age=0, private, must-revalidate","strict-transport-security":"max-age=31536000; includeSubdomains; preload","x-frame-options":"deny","x-content-type-options":"nosniff","x-xss-protection":"0","referrer-policy":"origin-when-cross-origin, strict-origin-when-cross-origin","expect-ct":"max-age=2592000, report-uri=\"https://api.github.com/_private/browser/errors\"","content-security-policy":"default-src 'none'; base-uri 'self'; block-all-mixed-content; connect-src 'self' uploads.github.com www.githubstatus.com collector.githubapp.com api.github.com github-cloud.s3.amazonaws.com github-production-repository-file-5c1aeb.s3.amazonaws.com github-production-upload-manifest-file-7fdce7.s3.amazonaws.com github-production-user-asset-6210df.s3.amazonaws.com cdn.optimizely.com logx.optimizely.com/v1/events translator.github.com wss://alive.github.com; font-src github.githubassets.com; form-action 'self' github.com gist.github.com; frame-ancestors 'none'; frame-src render.githubusercontent.com render-temp.githubusercontent.com viewscreen.githubusercontent.com; img-src 'self' data: github.githubassets.com identicons.github.com collector.githubapp.com github-cloud.s3.amazonaws.com secured-user-images.githubusercontent.com/ *.githubusercontent.com; manifest-src 'self'; media-src 'none'; script-src github.githubassets.com; style-src 'unsafe-inline' github.githubassets.com; worker-src github.com/socket-worker-3f088aa2.js gist.github.com/socket-worker-3f088aa2.js","x-github-request-id":"CF92:0DB3:38664D:48EA60:60D978D0"}
[debug] [2021-06-28T07:22:55.255Z] >>> [apiv2][query] GET https://api.github.com/user [none]
[debug] [2021-06-28T07:22:55.593Z] <<< [apiv2][status] GET https://api.github.com/user 200
[debug] [2021-06-28T07:22:55.593Z] <<< [apiv2][body] GET https://api.github.com/user {"login":"ishubhamdumbre","id":41670275,"node_id":"MDQ6VXNlcjQxNjcwMjc1","avatar_url":"https://avatars.githubusercontent.com/u/41670275?v=4","gravatar_id":"","url":"https://api.github.com/users/ishubhamdumbre","html_url":"https://github.com/ishubhamdumbre","followers_url":"https://api.github.com/users/ishubhamdumbre/followers","following_url":"https://api.github.com/users/ishubhamdumbre/following{/other_user}","gists_url":"https://api.github.com/users/ishubhamdumbre/gists{/gist_id}","starred_url":"https://api.github.com/users/ishubhamdumbre/starred{/owner}{/repo}","subscriptions_url":"https://api.github.com/users/ishubhamdumbre/subscriptions","organizations_url":"https://api.github.com/users/ishubhamdumbre/orgs","repos_url":"https://api.github.com/users/ishubhamdumbre/repos","events_url":"https://api.github.com/users/ishubhamdumbre/events{/privacy}","received_events_url":"https://api.github.com/users/ishubhamdumbre/received_events","type":"User","site_admin":false,"name":"Shubham Dumbre","company":"Delta The Innovators","blog":"www.deltatheinnovators.com","location":"Mumbai","email":"ishubhamdumbre@gmail.com","hireable":null,"bio":"https://ishubhamdumbre.home.blog\r\n\r\n\r\n","twitter_username":null,"public_repos":4,"public_gists":0,"followers":0,"following":1,"created_at":"2018-07-25T07:34:16Z","updated_at":"2021-06-28T06:11:43Z","private_gists":0,"total_private_repos":0,"owned_private_repos":0,"disk_usage":17506,"collaborators":0,"two_factor_authentication":false,"plan":{"name":"free","space":976562499,"collaborators":0,"private_repos":10000}}
[info] 
[info] +  Success! Logged into GitHub as ishubhamdumbre 
[info] 
